2020-02-26 21:49:32 INFO  calculate_SI_CI:20 -24.0
2020-02-26 21:49:32 ERROR calculate_SI_CI:21 -Error Occurred
2020-02-26 21:49:32 WARN  calculate_SI_CI:22 -Wrong Code
2020-02-26 21:49:32 FATAL calculate_SI_CI:23 -Case Abort
2020-02-26 21:49:32 INFO  calculate_SI_CI:10 -100.0
2020-02-26 21:49:32 ERROR calculate_SI_CI:11 -Error Occurred
2020-02-26 21:49:32 WARN  calculate_SI_CI:12 -Wrong Code
2020-02-26 21:49:32 FATAL calculate_SI_CI:13 -Case Abort
2020-02-26 21:50:26 INFO  constructCost:37 -2178000.0
2020-02-26 21:50:26 ERROR constructCost:38 -Error Occurred
2020-02-26 21:50:26 WARN  constructCost:39 -Wrong Code
2020-02-26 21:50:26 FATAL constructCost:40 -Case Abort
2020-02-26 21:52:42 INFO  constructCost:37 -2178000.0
2020-02-26 21:52:42 ERROR constructCost:38 -Error Occurred
2020-02-26 21:52:42 WARN  constructCost:39 -Wrong Code
2020-02-26 21:52:42 FATAL constructCost:40 -Case Abort
2020-02-26 21:52:42 INFO  constructCost:13 -150000.0
2020-02-26 21:52:42 ERROR constructCost:14 -Error Occurred
2020-02-26 21:52:42 WARN  constructCost:15 -Wrong Code
2020-02-26 21:52:42 FATAL constructCost:16 -Case Abort
2020-02-26 21:52:59 INFO  constructCost:37 -2178000.0
2020-02-26 21:52:59 ERROR constructCost:38 -Error Occurred
2020-02-26 21:52:59 WARN  constructCost:39 -Wrong Code
2020-02-26 21:52:59 FATAL constructCost:40 -Case Abort
2020-02-26 21:52:59 INFO  constructCost:13 -150000.0
2020-02-26 21:52:59 ERROR constructCost:14 -Error Occurred
2020-02-26 21:52:59 WARN  constructCost:15 -Wrong Code
2020-02-26 21:52:59 FATAL constructCost:16 -Case Abort
2020-02-26 21:54:28 INFO  constructCost:37 -2178000.0
2020-02-26 21:54:28 ERROR constructCost:38 -Error Occurred
2020-02-26 21:54:28 WARN  constructCost:39 -Wrong Code
2020-02-26 21:54:28 FATAL constructCost:40 -Case Abort
2020-02-26 21:54:28 INFO  constructCost:13 -150000.0
2020-02-26 21:54:28 ERROR constructCost:14 -Error Occurred
2020-02-26 21:54:28 WARN  constructCost:15 -Wrong Code
2020-02-26 21:54:28 FATAL constructCost:16 -Case Abort
2020-02-26 21:54:28 INFO  constructCost:37 -250000.0
2020-02-26 21:54:28 ERROR constructCost:38 -Error Occurred
2020-02-26 21:54:28 WARN  constructCost:39 -Wrong Code
2020-02-26 21:54:28 FATAL constructCost:40 -Case Abort
2020-02-26 21:57:06 INFO  calculate_SI_CI:20 -24.0
2020-02-26 21:57:06 ERROR calculate_SI_CI:21 -Error Occurred
2020-02-26 21:57:06 WARN  calculate_SI_CI:22 -Wrong Code
2020-02-26 21:57:06 FATAL calculate_SI_CI:23 -Case Abort
2020-02-26 21:57:06 INFO  calculate_SI_CI:10 -100.0
2020-02-26 21:57:06 ERROR calculate_SI_CI:11 -Error Occurred
2020-02-26 21:57:06 WARN  calculate_SI_CI:12 -Wrong Code
2020-02-26 21:57:06 FATAL calculate_SI_CI:13 -Case Abort
2020-02-26 21:57:06 INFO  calculate_SI_CI:10 -1060.0
2020-02-26 21:57:06 ERROR calculate_SI_CI:11 -Error Occurred
2020-02-26 21:57:06 WARN  calculate_SI_CI:12 -Wrong Code
2020-02-26 21:57:06 FATAL calculate_SI_CI:13 -Case Abort
2020-02-26 21:57:30 INFO  calculate_SI_CI:20 -24.0
2020-02-26 21:57:30 ERROR calculate_SI_CI:21 -Error Occurred
2020-02-26 21:57:30 WARN  calculate_SI_CI:22 -Wrong Code
2020-02-26 21:57:30 FATAL calculate_SI_CI:23 -Case Abort
2020-02-26 21:57:30 INFO  calculate_SI_CI:10 -100.0
2020-02-26 21:57:30 ERROR calculate_SI_CI:11 -Error Occurred
2020-02-26 21:57:30 WARN  calculate_SI_CI:12 -Wrong Code
2020-02-26 21:57:30 FATAL calculate_SI_CI:13 -Case Abort
2020-02-26 21:57:30 INFO  calculate_SI_CI:10 -1060.0
2020-02-26 21:57:30 ERROR calculate_SI_CI:11 -Error Occurred
2020-02-26 21:57:30 WARN  calculate_SI_CI:12 -Wrong Code
2020-02-26 21:57:30 FATAL calculate_SI_CI:13 -Case Abort
2020-02-26 21:57:44 INFO  calculate_SI_CI:20 -24.0
2020-02-26 21:57:44 ERROR calculate_SI_CI:21 -Error Occurred
2020-02-26 21:57:44 WARN  calculate_SI_CI:22 -Wrong Code
2020-02-26 21:57:44 FATAL calculate_SI_CI:23 -Case Abort
2020-02-26 21:57:44 INFO  calculate_SI_CI:10 -100.0
2020-02-26 21:57:44 ERROR calculate_SI_CI:11 -Error Occurred
2020-02-26 21:57:44 WARN  calculate_SI_CI:12 -Wrong Code
2020-02-26 21:57:44 FATAL calculate_SI_CI:13 -Case Abort
2020-02-26 21:57:44 INFO  calculate_SI_CI:10 -1060.0
2020-02-26 21:57:44 ERROR calculate_SI_CI:11 -Error Occurred
2020-02-26 21:57:44 WARN  calculate_SI_CI:12 -Wrong Code
2020-02-26 21:57:44 FATAL calculate_SI_CI:13 -Case Abort
